

Microchip MPLAB XC8 Assembler V2.50 build 20240725155939 
                                                                                               Fri Nov 08 09:42:56 2024

Microchip MPLAB XC8 C Compiler v2.50 (Free license) build 20240725155939 Og1 
     1                           	processor	16F1788
     2                           	pagewidth 120
     3                           	opt	flic
     4                           	psect	cinit,global,class=CODE,space=0,merge=1,delta=2
     5                           	psect	cstackCOMMON,global,class=COMMON,space=1,delta=1,noexec
     6                           	psect	maintext,global,class=CODE,space=0,merge=1,split=1,delta=2
     7                           	psect	config,global,abs,ovrld,class=CONFIG,space=4,delta=2,noexec
     8                           	dabs	1,0x7E,2
     9     0000                     
    10                           ; Generated 25/07/2024 GMT
    11                           ; 
    12                           ; Copyright © 2024, Microchip Technology Inc. and its subsidiaries ("Microchip")
    13                           ; All rights reserved.
    14                           ; 
    15                           ; This software is developed by Microchip Technology Inc. and its subsidiaries ("Microch
      +                          ip").
    16                           ; 
    17                           ; Redistribution and use in source and binary forms, with or without modification, are
    18                           ; permitted provided that the following conditions are met:
    19                           ; 
    20                           ;     1. Redistributions of source code must retain the above copyright notice, this lis
      +                          t of
    21                           ;        conditions and the following disclaimer.
    22                           ; 
    23                           ;     2. Redistributions in binary form must reproduce the above copyright notice, this 
      +                          list
    24                           ;        of conditions and the following disclaimer in the documentation and/or other
    25                           ;        materials provided with the distribution. Publication is not required when
    26                           ;        this file is used in an embedded application.
    27                           ; 
    28                           ;     3. Microchip's name may not be used to endorse or promote products derived from th
      +                          is
    29                           ;        software without specific prior written permission.
    30                           ; 
    31                           ; THIS SOFTWARE IS PROVIDED BY MICROCHIP "AS IS" AND ANY EXPRESS OR IMPLIED WARRANTIES,
    32                           ; INCLUDING, BUT NOT LIMITED TO, THE IMPLIED WARRANTIES OF MERCHANTABILITY AND FITNESS F
      +                          OR
    33                           ; PURPOSE ARE DISCLAIMED.  IN NO EVENT SHALL MICROCHIP BE LIABLE FOR ANY DIRECT, INDIREC
      +                          T,
    34                           ; INCIDENTAL, SPECIAL, EXEMPLARY, OR CONSEQUENTIAL DAMAGES (INCLUDING BUT NOT LIMITED TO
    35                           ; PROCUREMENT OF SUBSTITUTE GOODS OR SERVICES; LOSS OF USE, DATA OR PROFITS; OR BUSINESS
    36                           ; INTERRUPTION) HOWSOEVER CAUSED AND ON ANY THEORY OF LIABILITY, WHETHER IN CONTRACT, ST
      +                          RICT
    37                           ; LIABILITY, OR TORT (INCLUDING NEGLIGENCE OR OTHERWISE) ARISING IN ANY WAY OUT OF THE U
      +                          SE OF
    38                           ; THIS SOFTWARE, EVEN IF ADVISED OF THE POSSIBILITY OF SUCH DAMAGE.
    39                           ; 
    40                           ; 
    41                           ; Code-generator required, PIC16F1788 Definitions
    42                           ; 
    43                           ; SFR Addresses
    44     0008                     bsr             equ	8
    45     0005                     fsr0h           equ	5
    46     0004                     fsr0l           equ	4
    47     0007                     fsr1h           equ	7
    48     0006                     fsr1l           equ	6
    49     0000                     indf            equ	0
    50     0000                     indf0           equ	0
    51     0001                     indf1           equ	1
    52     000B                     intcon          equ	11
    53     0002                     pc              equ	2
    54     0002                     pcl             equ	2
    55     000A                     pclath          equ	10
    56     0003                     status          equ	3
    57     0009                     wreg            equ	9
    58     0000                     INDF0           equ	0	;# 
    59     0001                     INDF1           equ	1	;# 
    60     0002                     PCL             equ	2	;# 
    61     0003                     STATUS          equ	3	;# 
    62     0004                     FSR0L           equ	4	;# 
    63     0005                     FSR0H           equ	5	;# 
    64     0006                     FSR1L           equ	6	;# 
    65     0007                     FSR1H           equ	7	;# 
    66     0008                     BSR             equ	8	;# 
    67     0009                     WREG            equ	9	;# 
    68     000A                     PCLATH          equ	10	;# 
    69     000B                     INTCON          equ	11	;# 
    70     000C                     PORTA           equ	12	;# 
    71     000D                     PORTB           equ	13	;# 
    72     000E                     PORTC           equ	14	;# 
    73     0010                     PORTE           equ	16	;# 
    74     0011                     PIR1            equ	17	;# 
    75     0012                     PIR2            equ	18	;# 
    76     0013                     PIR3            equ	19	;# 
    77     0014                     PIR4            equ	20	;# 
    78     0015                     TMR0            equ	21	;# 
    79     0016                     TMR1            equ	22	;# 
    80     0016                     TMR1L           equ	22	;# 
    81     0017                     TMR1H           equ	23	;# 
    82     0018                     T1CON           equ	24	;# 
    83     0019                     T1GCON          equ	25	;# 
    84     001A                     TMR2            equ	26	;# 
    85     001B                     PR2             equ	27	;# 
    86     001C                     T2CON           equ	28	;# 
    87     008C                     TRISA           equ	140	;# 
    88     008D                     TRISB           equ	141	;# 
    89     008E                     TRISC           equ	142	;# 
    90     0090                     TRISE           equ	144	;# 
    91     0091                     PIE1            equ	145	;# 
    92     0092                     PIE2            equ	146	;# 
    93     0093                     PIE3            equ	147	;# 
    94     0094                     PIE4            equ	148	;# 
    95     0095                     OPTION_REG      equ	149	;# 
    96     0096                     PCON            equ	150	;# 
    97     0097                     WDTCON          equ	151	;# 
    98     0098                     OSCTUNE         equ	152	;# 
    99     0099                     OSCCON          equ	153	;# 
   100     009A                     OSCSTAT         equ	154	;# 
   101     009B                     ADRES           equ	155	;# 
   102     009B                     ADRESL          equ	155	;# 
   103     009C                     ADRESH          equ	156	;# 
   104     009D                     ADCON0          equ	157	;# 
   105     009E                     ADCON1          equ	158	;# 
   106     009F                     ADCON2          equ	159	;# 
   107     010C                     LATA            equ	268	;# 
   108     010D                     LATB            equ	269	;# 
   109     010E                     LATC            equ	270	;# 
   110     0111                     CM1CON0         equ	273	;# 
   111     0112                     CM1CON1         equ	274	;# 
   112     0113                     CM2CON0         equ	275	;# 
   113     0114                     CM2CON1         equ	276	;# 
   114     0115                     CMOUT           equ	277	;# 
   115     0116                     BORCON          equ	278	;# 
   116     0117                     FVRCON          equ	279	;# 
   117     0118                     DAC1CON0        equ	280	;# 
   118     0119                     DAC1CON1        equ	281	;# 
   119     011A                     CM4CON0         equ	282	;# 
   120     011B                     CM4CON1         equ	283	;# 
   121     011C                     APFCON2         equ	284	;# 
   122     011D                     APFCON1         equ	285	;# 
   123     011D                     APFCON0         equ	285	;# 
   124     011D                     APFCON          equ	285	;# 
   125     011E                     CM3CON0         equ	286	;# 
   126     011F                     CM3CON1         equ	287	;# 
   127     018C                     ANSELA          equ	396	;# 
   128     018D                     ANSELB          equ	397	;# 
   129     018E                     ANSELC          equ	398	;# 
   130     0191                     EEADR           equ	401	;# 
   131     0191                     EEADRL          equ	401	;# 
   132     0192                     EEADRH          equ	402	;# 
   133     0193                     EEDAT           equ	403	;# 
   134     0193                     EEDATL          equ	403	;# 
   135     0193                     EEDATA          equ	403	;# 
   136     0194                     EEDATH          equ	404	;# 
   137     0195                     EECON1          equ	405	;# 
   138     0196                     EECON2          equ	406	;# 
   139     0197                     VREGCON         equ	407	;# 
   140     0199                     RC1REG          equ	409	;# 
   141     0199                     RCREG           equ	409	;# 
   142     0199                     RCREG1          equ	409	;# 
   143     019A                     TX1REG          equ	410	;# 
   144     019A                     TXREG1          equ	410	;# 
   145     019A                     TXREG           equ	410	;# 
   146     019B                     SP1BRG          equ	411	;# 
   147     019B                     SPBRG           equ	411	;# 
   148     019B                     SP1BRGL         equ	411	;# 
   149     019B                     SPBRG1          equ	411	;# 
   150     019B                     SPBRGL          equ	411	;# 
   151     019C                     SP1BRGH         equ	412	;# 
   152     019C                     SPBRGH          equ	412	;# 
   153     019C                     SPBRGH1         equ	412	;# 
   154     019D                     RC1STA          equ	413	;# 
   155     019D                     RCSTA1          equ	413	;# 
   156     019D                     RCSTA           equ	413	;# 
   157     019E                     TX1STA          equ	414	;# 
   158     019E                     TXSTA1          equ	414	;# 
   159     019E                     TXSTA           equ	414	;# 
   160     019F                     BAUD1CON        equ	415	;# 
   161     019F                     BAUDCON1        equ	415	;# 
   162     019F                     BAUDCTL1        equ	415	;# 
   163     019F                     BAUDCON         equ	415	;# 
   164     019F                     BAUDCTL         equ	415	;# 
   165     020C                     WPUA            equ	524	;# 
   166     020D                     WPUB            equ	525	;# 
   167     020E                     WPUC            equ	526	;# 
   168     0210                     WPUE            equ	528	;# 
   169     0211                     SSP1BUF         equ	529	;# 
   170     0211                     SSPBUF          equ	529	;# 
   171     0212                     SSP1ADD         equ	530	;# 
   172     0212                     SSPADD          equ	530	;# 
   173     0213                     SSP1MSK         equ	531	;# 
   174     0213                     SSPMSK          equ	531	;# 
   175     0214                     SSP1STAT        equ	532	;# 
   176     0214                     SSPSTAT         equ	532	;# 
   177     0215                     SSP1CON1        equ	533	;# 
   178     0215                     SSPCON          equ	533	;# 
   179     0215                     SSPCON1         equ	533	;# 
   180     0215                     SSP1CON         equ	533	;# 
   181     0216                     SSP1CON2        equ	534	;# 
   182     0216                     SSPCON2         equ	534	;# 
   183     0217                     SSP1CON3        equ	535	;# 
   184     0217                     SSPCON3         equ	535	;# 
   185     028C                     ODCONA          equ	652	;# 
   186     028D                     ODCONB          equ	653	;# 
   187     028E                     ODCONC          equ	654	;# 
   188     0291                     CCPR1           equ	657	;# 
   189     0291                     CCPR1L          equ	657	;# 
   190     0292                     CCPR1H          equ	658	;# 
   191     0293                     CCP1CON         equ	659	;# 
   192     0298                     CCPR2           equ	664	;# 
   193     0298                     CCPR2L          equ	664	;# 
   194     0299                     CCPR2H          equ	665	;# 
   195     029A                     CCP2CON         equ	666	;# 
   196     030C                     SLRCONA         equ	780	;# 
   197     030D                     SLRCONB         equ	781	;# 
   198     030E                     SLRCONC         equ	782	;# 
   199     0311                     CCPR3           equ	785	;# 
   200     0311                     CCPR3L          equ	785	;# 
   201     0312                     CCPR3H          equ	786	;# 
   202     0313                     CCP3CON         equ	787	;# 
   203     038C                     INLVLA          equ	908	;# 
   204     038D                     INLVLB          equ	909	;# 
   205     038E                     INLVLC          equ	910	;# 
   206     0390                     INLVLE          equ	912	;# 
   207     0391                     IOCAP           equ	913	;# 
   208     0392                     IOCAN           equ	914	;# 
   209     0393                     IOCAF           equ	915	;# 
   210     0394                     IOCBP           equ	916	;# 
   211     0395                     IOCBN           equ	917	;# 
   212     0396                     IOCBF           equ	918	;# 
   213     0397                     IOCCP           equ	919	;# 
   214     0398                     IOCCN           equ	920	;# 
   215     0399                     IOCCF           equ	921	;# 
   216     039D                     IOCEP           equ	925	;# 
   217     039E                     IOCEN           equ	926	;# 
   218     039F                     IOCEF           equ	927	;# 
   219     0511                     OPA1CON         equ	1297	;# 
   220     0513                     OPA2CON         equ	1299	;# 
   221     051A                     CLKRCON         equ	1306	;# 
   222     0591                     DAC2CON0        equ	1425	;# 
   223     0592                     DAC2REF         equ	1426	;# 
   224     0592                     DAC2CON1        equ	1426	;# 
   225     0593                     DAC3CON0        equ	1427	;# 
   226     0594                     DAC3REF         equ	1428	;# 
   227     0594                     DAC3CON1        equ	1428	;# 
   228     0595                     DAC4CON0        equ	1429	;# 
   229     0596                     DAC4REF         equ	1430	;# 
   230     0596                     DAC4CON1        equ	1430	;# 
   231     0E91                     PSMC1CON        equ	3729	;# 
   232     0E92                     PSMC1MDL        equ	3730	;# 
   233     0E93                     PSMC1SYNC       equ	3731	;# 
   234     0E94                     PSMC1CLK        equ	3732	;# 
   235     0E95                     PSMC1OEN        equ	3733	;# 
   236     0E96                     PSMC1POL        equ	3734	;# 
   237     0E97                     PSMC1BLNK       equ	3735	;# 
   238     0E98                     PSMC1REBS       equ	3736	;# 
   239     0E99                     PSMC1FEBS       equ	3737	;# 
   240     0E9A                     PSMC1PHS        equ	3738	;# 
   241     0E9B                     PSMC1DCS        equ	3739	;# 
   242     0E9C                     PSMC1PRS        equ	3740	;# 
   243     0E9D                     PSMC1ASDC       equ	3741	;# 
   244     0E9E                     PSMC1ASDL       equ	3742	;# 
   245     0E9F                     PSMC1ASDS       equ	3743	;# 
   246     0EA0                     PSMC1INT        equ	3744	;# 
   247     0EA1                     PSMC1PH         equ	3745	;# 
   248     0EA1                     PSMC1PHL        equ	3745	;# 
   249     0EA2                     PSMC1PHH        equ	3746	;# 
   250     0EA3                     PSMC1DC         equ	3747	;# 
   251     0EA3                     PSMC1DCL        equ	3747	;# 
   252     0EA4                     PSMC1DCH        equ	3748	;# 
   253     0EA5                     PSMC1PR         equ	3749	;# 
   254     0EA5                     PSMC1PRL        equ	3749	;# 
   255     0EA6                     PSMC1PRH        equ	3750	;# 
   256     0EA7                     PSMC1TMR        equ	3751	;# 
   257     0EA7                     PSMC1TMRL       equ	3751	;# 
   258     0EA8                     PSMC1TMRH       equ	3752	;# 
   259     0EA9                     PSMC1DBR        equ	3753	;# 
   260     0EAA                     PSMC1DBF        equ	3754	;# 
   261     0EAB                     PSMC1BLKR       equ	3755	;# 
   262     0EAC                     PSMC1BLKF       equ	3756	;# 
   263     0EAD                     PSMC1FFA        equ	3757	;# 
   264     0EAE                     PSMC1STR0       equ	3758	;# 
   265     0EAF                     PSMC1STR1       equ	3759	;# 
   266     0EB1                     PSMC2CON        equ	3761	;# 
   267     0EB2                     PSMC2MDL        equ	3762	;# 
   268     0EB3                     PSMC2SYNC       equ	3763	;# 
   269     0EB4                     PSMC2CLK        equ	3764	;# 
   270     0EB5                     PSMC2OEN        equ	3765	;# 
   271     0EB6                     PSMC2POL        equ	3766	;# 
   272     0EB7                     PSMC2BLNK       equ	3767	;# 
   273     0EB8                     PSMC2REBS       equ	3768	;# 
   274     0EB9                     PSMC2FEBS       equ	3769	;# 
   275     0EBA                     PSMC2PHS        equ	3770	;# 
   276     0EBB                     PSMC2DCS        equ	3771	;# 
   277     0EBC                     PSMC2PRS        equ	3772	;# 
   278     0EBD                     PSMC2ASDC       equ	3773	;# 
   279     0EBE                     PSMC2ASDL       equ	3774	;# 
   280     0EBF                     PSMC2ASDS       equ	3775	;# 
   281     0EC0                     PSMC2INT        equ	3776	;# 
   282     0EC1                     PSMC2PH         equ	3777	;# 
   283     0EC1                     PSMC2PHL        equ	3777	;# 
   284     0EC2                     PSMC2PHH        equ	3778	;# 
   285     0EC3                     PSMC2DC         equ	3779	;# 
   286     0EC3                     PSMC2DCL        equ	3779	;# 
   287     0EC4                     PSMC2DCH        equ	3780	;# 
   288     0EC5                     PSMC2PR         equ	3781	;# 
   289     0EC5                     PSMC2PRL        equ	3781	;# 
   290     0EC6                     PSMC2PRH        equ	3782	;# 
   291     0EC7                     PSMC2TMR        equ	3783	;# 
   292     0EC7                     PSMC2TMRL       equ	3783	;# 
   293     0EC8                     PSMC2TMRH       equ	3784	;# 
   294     0EC9                     PSMC2DBR        equ	3785	;# 
   295     0ECA                     PSMC2DBF        equ	3786	;# 
   296     0ECB                     PSMC2BLKR       equ	3787	;# 
   297     0ECC                     PSMC2BLKF       equ	3788	;# 
   298     0ECD                     PSMC2FFA        equ	3789	;# 
   299     0ECE                     PSMC2STR0       equ	3790	;# 
   300     0ECF                     PSMC2STR1       equ	3791	;# 
   301     0ED1                     PSMC3CON        equ	3793	;# 
   302     0ED2                     PSMC3MDL        equ	3794	;# 
   303     0ED3                     PSMC3SYNC       equ	3795	;# 
   304     0ED4                     PSMC3CLK        equ	3796	;# 
   305     0ED5                     PSMC3OEN        equ	3797	;# 
   306     0ED6                     PSMC3POL        equ	3798	;# 
   307     0ED7                     PSMC3BLNK       equ	3799	;# 
   308     0ED8                     PSMC3REBS       equ	3800	;# 
   309     0ED9                     PSMC3FEBS       equ	3801	;# 
   310     0EDA                     PSMC3PHS        equ	3802	;# 
   311     0EDB                     PSMC3DCS        equ	3803	;# 
   312     0EDC                     PSMC3PRS        equ	3804	;# 
   313     0EDD                     PSMC3ASDC       equ	3805	;# 
   314     0EDE                     PSMC3ASDL       equ	3806	;# 
   315     0EDF                     PSMC3ASDS       equ	3807	;# 
   316     0EE0                     PSMC3INT        equ	3808	;# 
   317     0EE1                     PSMC3PH         equ	3809	;# 
   318     0EE1                     PSMC3PHL        equ	3809	;# 
   319     0EE2                     PSMC3PHH        equ	3810	;# 
   320     0EE3                     PSMC3DC         equ	3811	;# 
   321     0EE3                     PSMC3DCL        equ	3811	;# 
   322     0EE4                     PSMC3DCH        equ	3812	;# 
   323     0EE5                     PSMC3PR         equ	3813	;# 
   324     0EE5                     PSMC3PRL        equ	3813	;# 
   325     0EE6                     PSMC3PRH        equ	3814	;# 
   326     0EE7                     PSMC3TMR        equ	3815	;# 
   327     0EE7                     PSMC3TMRL       equ	3815	;# 
   328     0EE8                     PSMC3TMRH       equ	3816	;# 
   329     0EE9                     PSMC3DBR        equ	3817	;# 
   330     0EEA                     PSMC3DBF        equ	3818	;# 
   331     0EEB                     PSMC3BLKR       equ	3819	;# 
   332     0EEC                     PSMC3BLKF       equ	3820	;# 
   333     0EED                     PSMC3FFA        equ	3821	;# 
   334     0EEE                     PSMC3STR0       equ	3822	;# 
   335     0EEF                     PSMC3STR1       equ	3823	;# 
   336     0F11                     PSMC4CON        equ	3857	;# 
   337     0F12                     PSMC4MDL        equ	3858	;# 
   338     0F13                     PSMC4SYNC       equ	3859	;# 
   339     0F14                     PSMC4CLK        equ	3860	;# 
   340     0F15                     PSMC4OEN        equ	3861	;# 
   341     0F16                     PSMC4POL        equ	3862	;# 
   342     0F17                     PSMC4BLNK       equ	3863	;# 
   343     0F18                     PSMC4REBS       equ	3864	;# 
   344     0F19                     PSMC4FEBS       equ	3865	;# 
   345     0F1A                     PSMC4PHS        equ	3866	;# 
   346     0F1B                     PSMC4DCS        equ	3867	;# 
   347     0F1C                     PSMC4PRS        equ	3868	;# 
   348     0F1D                     PSMC4ASDC       equ	3869	;# 
   349     0F1E                     PSMC4ASDL       equ	3870	;# 
   350     0F1F                     PSMC4ASDS       equ	3871	;# 
   351     0F20                     PSMC4INT        equ	3872	;# 
   352     0F21                     PSMC4PH         equ	3873	;# 
   353     0F21                     PSMC4PHL        equ	3873	;# 
   354     0F22                     PSMC4PHH        equ	3874	;# 
   355     0F23                     PSMC4DC         equ	3875	;# 
   356     0F23                     PSMC4DCL        equ	3875	;# 
   357     0F24                     PSMC4DCH        equ	3876	;# 
   358     0F25                     PSMC4PR         equ	3877	;# 
   359     0F25                     PSMC4PRL        equ	3877	;# 
   360     0F26                     PSMC4PRH        equ	3878	;# 
   361     0F27                     PSMC4TMR        equ	3879	;# 
   362     0F27                     PSMC4TMRL       equ	3879	;# 
   363     0F28                     PSMC4TMRH       equ	3880	;# 
   364     0F29                     PSMC4DBR        equ	3881	;# 
   365     0F2A                     PSMC4DBF        equ	3882	;# 
   366     0F2B                     PSMC4BLKR       equ	3883	;# 
   367     0F2C                     PSMC4BLKF       equ	3884	;# 
   368     0F2D                     PSMC4FFA        equ	3885	;# 
   369     0F2E                     PSMC4STR0       equ	3886	;# 
   370     0F2F                     PSMC4STR1       equ	3887	;# 
   371     0FE4                     STATUS_SHAD     equ	4068	;# 
   372     0FE5                     WREG_SHAD       equ	4069	;# 
   373     0FE6                     BSR_SHAD        equ	4070	;# 
   374     0FE7                     PCLATH_SHAD     equ	4071	;# 
   375     0FE8                     FSR0L_SHAD      equ	4072	;# 
   376     0FE9                     FSR0H_SHAD      equ	4073	;# 
   377     0FEA                     FSR1L_SHAD      equ	4074	;# 
   378     0FEB                     FSR1H_SHAD      equ	4075	;# 
   379     0FED                     STKPTR          equ	4077	;# 
   380     0FEE                     TOSL            equ	4078	;# 
   381     0FEF                     TOSH            equ	4079	;# 
   382     0000                     INDF0           equ	0	;# 
   383     0001                     INDF1           equ	1	;# 
   384     0002                     PCL             equ	2	;# 
   385     0003                     STATUS          equ	3	;# 
   386     0004                     FSR0L           equ	4	;# 
   387     0005                     FSR0H           equ	5	;# 
   388     0006                     FSR1L           equ	6	;# 
   389     0007                     FSR1H           equ	7	;# 
   390     0008                     BSR             equ	8	;# 
   391     0009                     WREG            equ	9	;# 
   392     000A                     PCLATH          equ	10	;# 
   393     000B                     INTCON          equ	11	;# 
   394     000C                     PORTA           equ	12	;# 
   395     000D                     PORTB           equ	13	;# 
   396     000E                     PORTC           equ	14	;# 
   397     0010                     PORTE           equ	16	;# 
   398     0011                     PIR1            equ	17	;# 
   399     0012                     PIR2            equ	18	;# 
   400     0013                     PIR3            equ	19	;# 
   401     0014                     PIR4            equ	20	;# 
   402     0015                     TMR0            equ	21	;# 
   403     0016                     TMR1            equ	22	;# 
   404     0016                     TMR1L           equ	22	;# 
   405     0017                     TMR1H           equ	23	;# 
   406     0018                     T1CON           equ	24	;# 
   407     0019                     T1GCON          equ	25	;# 
   408     001A                     TMR2            equ	26	;# 
   409     001B                     PR2             equ	27	;# 
   410     001C                     T2CON           equ	28	;# 
   411     008C                     TRISA           equ	140	;# 
   412     008D                     TRISB           equ	141	;# 
   413     008E                     TRISC           equ	142	;# 
   414     0090                     TRISE           equ	144	;# 
   415     0091                     PIE1            equ	145	;# 
   416     0092                     PIE2            equ	146	;# 
   417     0093                     PIE3            equ	147	;# 
   418     0094                     PIE4            equ	148	;# 
   419     0095                     OPTION_REG      equ	149	;# 
   420     0096                     PCON            equ	150	;# 
   421     0097                     WDTCON          equ	151	;# 
   422     0098                     OSCTUNE         equ	152	;# 
   423     0099                     OSCCON          equ	153	;# 
   424     009A                     OSCSTAT         equ	154	;# 
   425     009B                     ADRES           equ	155	;# 
   426     009B                     ADRESL          equ	155	;# 
   427     009C                     ADRESH          equ	156	;# 
   428     009D                     ADCON0          equ	157	;# 
   429     009E                     ADCON1          equ	158	;# 
   430     009F                     ADCON2          equ	159	;# 
   431     010C                     LATA            equ	268	;# 
   432     010D                     LATB            equ	269	;# 
   433     010E                     LATC            equ	270	;# 
   434     0111                     CM1CON0         equ	273	;# 
   435     0112                     CM1CON1         equ	274	;# 
   436     0113                     CM2CON0         equ	275	;# 
   437     0114                     CM2CON1         equ	276	;# 
   438     0115                     CMOUT           equ	277	;# 
   439     0116                     BORCON          equ	278	;# 
   440     0117                     FVRCON          equ	279	;# 
   441     0118                     DAC1CON0        equ	280	;# 
   442     0119                     DAC1CON1        equ	281	;# 
   443     011A                     CM4CON0         equ	282	;# 
   444     011B                     CM4CON1         equ	283	;# 
   445     011C                     APFCON2         equ	284	;# 
   446     011D                     APFCON1         equ	285	;# 
   447     011D                     APFCON0         equ	285	;# 
   448     011D                     APFCON          equ	285	;# 
   449     011E                     CM3CON0         equ	286	;# 
   450     011F                     CM3CON1         equ	287	;# 
   451     018C                     ANSELA          equ	396	;# 
   452     018D                     ANSELB          equ	397	;# 
   453     018E                     ANSELC          equ	398	;# 
   454     0191                     EEADR           equ	401	;# 
   455     0191                     EEADRL          equ	401	;# 
   456     0192                     EEADRH          equ	402	;# 
   457     0193                     EEDAT           equ	403	;# 
   458     0193                     EEDATL          equ	403	;# 
   459     0193                     EEDATA          equ	403	;# 
   460     0194                     EEDATH          equ	404	;# 
   461     0195                     EECON1          equ	405	;# 
   462     0196                     EECON2          equ	406	;# 
   463     0197                     VREGCON         equ	407	;# 
   464     0199                     RC1REG          equ	409	;# 
   465     0199                     RCREG           equ	409	;# 
   466     0199                     RCREG1          equ	409	;# 
   467     019A                     TX1REG          equ	410	;# 
   468     019A                     TXREG1          equ	410	;# 
   469     019A                     TXREG           equ	410	;# 
   470     019B                     SP1BRG          equ	411	;# 
   471     019B                     SPBRG           equ	411	;# 
   472     019B                     SP1BRGL         equ	411	;# 
   473     019B                     SPBRG1          equ	411	;# 
   474     019B                     SPBRGL          equ	411	;# 
   475     019C                     SP1BRGH         equ	412	;# 
   476     019C                     SPBRGH          equ	412	;# 
   477     019C                     SPBRGH1         equ	412	;# 
   478     019D                     RC1STA          equ	413	;# 
   479     019D                     RCSTA1          equ	413	;# 
   480     019D                     RCSTA           equ	413	;# 
   481     019E                     TX1STA          equ	414	;# 
   482     019E                     TXSTA1          equ	414	;# 
   483     019E                     TXSTA           equ	414	;# 
   484     019F                     BAUD1CON        equ	415	;# 
   485     019F                     BAUDCON1        equ	415	;# 
   486     019F                     BAUDCTL1        equ	415	;# 
   487     019F                     BAUDCON         equ	415	;# 
   488     019F                     BAUDCTL         equ	415	;# 
   489     020C                     WPUA            equ	524	;# 
   490     020D                     WPUB            equ	525	;# 
   491     020E                     WPUC            equ	526	;# 
   492     0210                     WPUE            equ	528	;# 
   493     0211                     SSP1BUF         equ	529	;# 
   494     0211                     SSPBUF          equ	529	;# 
   495     0212                     SSP1ADD         equ	530	;# 
   496     0212                     SSPADD          equ	530	;# 
   497     0213                     SSP1MSK         equ	531	;# 
   498     0213                     SSPMSK          equ	531	;# 
   499     0214                     SSP1STAT        equ	532	;# 
   500     0214                     SSPSTAT         equ	532	;# 
   501     0215                     SSP1CON1        equ	533	;# 
   502     0215                     SSPCON          equ	533	;# 
   503     0215                     SSPCON1         equ	533	;# 
   504     0215                     SSP1CON         equ	533	;# 
   505     0216                     SSP1CON2        equ	534	;# 
   506     0216                     SSPCON2         equ	534	;# 
   507     0217                     SSP1CON3        equ	535	;# 
   508     0217                     SSPCON3         equ	535	;# 
   509     028C                     ODCONA          equ	652	;# 
   510     028D                     ODCONB          equ	653	;# 
   511     028E                     ODCONC          equ	654	;# 
   512     0291                     CCPR1           equ	657	;# 
   513     0291                     CCPR1L          equ	657	;# 
   514     0292                     CCPR1H          equ	658	;# 
   515     0293                     CCP1CON         equ	659	;# 
   516     0298                     CCPR2           equ	664	;# 
   517     0298                     CCPR2L          equ	664	;# 
   518     0299                     CCPR2H          equ	665	;# 
   519     029A                     CCP2CON         equ	666	;# 
   520     030C                     SLRCONA         equ	780	;# 
   521     030D                     SLRCONB         equ	781	;# 
   522     030E                     SLRCONC         equ	782	;# 
   523     0311                     CCPR3           equ	785	;# 
   524     0311                     CCPR3L          equ	785	;# 
   525     0312                     CCPR3H          equ	786	;# 
   526     0313                     CCP3CON         equ	787	;# 
   527     038C                     INLVLA          equ	908	;# 
   528     038D                     INLVLB          equ	909	;# 
   529     038E                     INLVLC          equ	910	;# 
   530     0390                     INLVLE          equ	912	;# 
   531     0391                     IOCAP           equ	913	;# 
   532     0392                     IOCAN           equ	914	;# 
   533     0393                     IOCAF           equ	915	;# 
   534     0394                     IOCBP           equ	916	;# 
   535     0395                     IOCBN           equ	917	;# 
   536     0396                     IOCBF           equ	918	;# 
   537     0397                     IOCCP           equ	919	;# 
   538     0398                     IOCCN           equ	920	;# 
   539     0399                     IOCCF           equ	921	;# 
   540     039D                     IOCEP           equ	925	;# 
   541     039E                     IOCEN           equ	926	;# 
   542     039F                     IOCEF           equ	927	;# 
   543     0511                     OPA1CON         equ	1297	;# 
   544     0513                     OPA2CON         equ	1299	;# 
   545     051A                     CLKRCON         equ	1306	;# 
   546     0591                     DAC2CON0        equ	1425	;# 
   547     0592                     DAC2REF         equ	1426	;# 
   548     0592                     DAC2CON1        equ	1426	;# 
   549     0593                     DAC3CON0        equ	1427	;# 
   550     0594                     DAC3REF         equ	1428	;# 
   551     0594                     DAC3CON1        equ	1428	;# 
   552     0595                     DAC4CON0        equ	1429	;# 
   553     0596                     DAC4REF         equ	1430	;# 
   554     0596                     DAC4CON1        equ	1430	;# 
   555     0E91                     PSMC1CON        equ	3729	;# 
   556     0E92                     PSMC1MDL        equ	3730	;# 
   557     0E93                     PSMC1SYNC       equ	3731	;# 
   558     0E94                     PSMC1CLK        equ	3732	;# 
   559     0E95                     PSMC1OEN        equ	3733	;# 
   560     0E96                     PSMC1POL        equ	3734	;# 
   561     0E97                     PSMC1BLNK       equ	3735	;# 
   562     0E98                     PSMC1REBS       equ	3736	;# 
   563     0E99                     PSMC1FEBS       equ	3737	;# 
   564     0E9A                     PSMC1PHS        equ	3738	;# 
   565     0E9B                     PSMC1DCS        equ	3739	;# 
   566     0E9C                     PSMC1PRS        equ	3740	;# 
   567     0E9D                     PSMC1ASDC       equ	3741	;# 
   568     0E9E                     PSMC1ASDL       equ	3742	;# 
   569     0E9F                     PSMC1ASDS       equ	3743	;# 
   570     0EA0                     PSMC1INT        equ	3744	;# 
   571     0EA1                     PSMC1PH         equ	3745	;# 
   572     0EA1                     PSMC1PHL        equ	3745	;# 
   573     0EA2                     PSMC1PHH        equ	3746	;# 
   574     0EA3                     PSMC1DC         equ	3747	;# 
   575     0EA3                     PSMC1DCL        equ	3747	;# 
   576     0EA4                     PSMC1DCH        equ	3748	;# 
   577     0EA5                     PSMC1PR         equ	3749	;# 
   578     0EA5                     PSMC1PRL        equ	3749	;# 
   579     0EA6                     PSMC1PRH        equ	3750	;# 
   580     0EA7                     PSMC1TMR        equ	3751	;# 
   581     0EA7                     PSMC1TMRL       equ	3751	;# 
   582     0EA8                     PSMC1TMRH       equ	3752	;# 
   583     0EA9                     PSMC1DBR        equ	3753	;# 
   584     0EAA                     PSMC1DBF        equ	3754	;# 
   585     0EAB                     PSMC1BLKR       equ	3755	;# 
   586     0EAC                     PSMC1BLKF       equ	3756	;# 
   587     0EAD                     PSMC1FFA        equ	3757	;# 
   588     0EAE                     PSMC1STR0       equ	3758	;# 
   589     0EAF                     PSMC1STR1       equ	3759	;# 
   590     0EB1                     PSMC2CON        equ	3761	;# 
   591     0EB2                     PSMC2MDL        equ	3762	;# 
   592     0EB3                     PSMC2SYNC       equ	3763	;# 
   593     0EB4                     PSMC2CLK        equ	3764	;# 
   594     0EB5                     PSMC2OEN        equ	3765	;# 
   595     0EB6                     PSMC2POL        equ	3766	;# 
   596     0EB7                     PSMC2BLNK       equ	3767	;# 
   597     0EB8                     PSMC2REBS       equ	3768	;# 
   598     0EB9                     PSMC2FEBS       equ	3769	;# 
   599     0EBA                     PSMC2PHS        equ	3770	;# 
   600     0EBB                     PSMC2DCS        equ	3771	;# 
   601     0EBC                     PSMC2PRS        equ	3772	;# 
   602     0EBD                     PSMC2ASDC       equ	3773	;# 
   603     0EBE                     PSMC2ASDL       equ	3774	;# 
   604     0EBF                     PSMC2ASDS       equ	3775	;# 
   605     0EC0                     PSMC2INT        equ	3776	;# 
   606     0EC1                     PSMC2PH         equ	3777	;# 
   607     0EC1                     PSMC2PHL        equ	3777	;# 
   608     0EC2                     PSMC2PHH        equ	3778	;# 
   609     0EC3                     PSMC2DC         equ	3779	;# 
   610     0EC3                     PSMC2DCL        equ	3779	;# 
   611     0EC4                     PSMC2DCH        equ	3780	;# 
   612     0EC5                     PSMC2PR         equ	3781	;# 
   613     0EC5                     PSMC2PRL        equ	3781	;# 
   614     0EC6                     PSMC2PRH        equ	3782	;# 
   615     0EC7                     PSMC2TMR        equ	3783	;# 
   616     0EC7                     PSMC2TMRL       equ	3783	;# 
   617     0EC8                     PSMC2TMRH       equ	3784	;# 
   618     0EC9                     PSMC2DBR        equ	3785	;# 
   619     0ECA                     PSMC2DBF        equ	3786	;# 
   620     0ECB                     PSMC2BLKR       equ	3787	;# 
   621     0ECC                     PSMC2BLKF       equ	3788	;# 
   622     0ECD                     PSMC2FFA        equ	3789	;# 
   623     0ECE                     PSMC2STR0       equ	3790	;# 
   624     0ECF                     PSMC2STR1       equ	3791	;# 
   625     0ED1                     PSMC3CON        equ	3793	;# 
   626     0ED2                     PSMC3MDL        equ	3794	;# 
   627     0ED3                     PSMC3SYNC       equ	3795	;# 
   628     0ED4                     PSMC3CLK        equ	3796	;# 
   629     0ED5                     PSMC3OEN        equ	3797	;# 
   630     0ED6                     PSMC3POL        equ	3798	;# 
   631     0ED7                     PSMC3BLNK       equ	3799	;# 
   632     0ED8                     PSMC3REBS       equ	3800	;# 
   633     0ED9                     PSMC3FEBS       equ	3801	;# 
   634     0EDA                     PSMC3PHS        equ	3802	;# 
   635     0EDB                     PSMC3DCS        equ	3803	;# 
   636     0EDC                     PSMC3PRS        equ	3804	;# 
   637     0EDD                     PSMC3ASDC       equ	3805	;# 
   638     0EDE                     PSMC3ASDL       equ	3806	;# 
   639     0EDF                     PSMC3ASDS       equ	3807	;# 
   640     0EE0                     PSMC3INT        equ	3808	;# 
   641     0EE1                     PSMC3PH         equ	3809	;# 
   642     0EE1                     PSMC3PHL        equ	3809	;# 
   643     0EE2                     PSMC3PHH        equ	3810	;# 
   644     0EE3                     PSMC3DC         equ	3811	;# 
   645     0EE3                     PSMC3DCL        equ	3811	;# 
   646     0EE4                     PSMC3DCH        equ	3812	;# 
   647     0EE5                     PSMC3PR         equ	3813	;# 
   648     0EE5                     PSMC3PRL        equ	3813	;# 
   649     0EE6                     PSMC3PRH        equ	3814	;# 
   650     0EE7                     PSMC3TMR        equ	3815	;# 
   651     0EE7                     PSMC3TMRL       equ	3815	;# 
   652     0EE8                     PSMC3TMRH       equ	3816	;# 
   653     0EE9                     PSMC3DBR        equ	3817	;# 
   654     0EEA                     PSMC3DBF        equ	3818	;# 
   655     0EEB                     PSMC3BLKR       equ	3819	;# 
   656     0EEC                     PSMC3BLKF       equ	3820	;# 
   657     0EED                     PSMC3FFA        equ	3821	;# 
   658     0EEE                     PSMC3STR0       equ	3822	;# 
   659     0EEF                     PSMC3STR1       equ	3823	;# 
   660     0F11                     PSMC4CON        equ	3857	;# 
   661     0F12                     PSMC4MDL        equ	3858	;# 
   662     0F13                     PSMC4SYNC       equ	3859	;# 
   663     0F14                     PSMC4CLK        equ	3860	;# 
   664     0F15                     PSMC4OEN        equ	3861	;# 
   665     0F16                     PSMC4POL        equ	3862	;# 
   666     0F17                     PSMC4BLNK       equ	3863	;# 
   667     0F18                     PSMC4REBS       equ	3864	;# 
   668     0F19                     PSMC4FEBS       equ	3865	;# 
   669     0F1A                     PSMC4PHS        equ	3866	;# 
   670     0F1B                     PSMC4DCS        equ	3867	;# 
   671     0F1C                     PSMC4PRS        equ	3868	;# 
   672     0F1D                     PSMC4ASDC       equ	3869	;# 
   673     0F1E                     PSMC4ASDL       equ	3870	;# 
   674     0F1F                     PSMC4ASDS       equ	3871	;# 
   675     0F20                     PSMC4INT        equ	3872	;# 
   676     0F21                     PSMC4PH         equ	3873	;# 
   677     0F21                     PSMC4PHL        equ	3873	;# 
   678     0F22                     PSMC4PHH        equ	3874	;# 
   679     0F23                     PSMC4DC         equ	3875	;# 
   680     0F23                     PSMC4DCL        equ	3875	;# 
   681     0F24                     PSMC4DCH        equ	3876	;# 
   682     0F25                     PSMC4PR         equ	3877	;# 
   683     0F25                     PSMC4PRL        equ	3877	;# 
   684     0F26                     PSMC4PRH        equ	3878	;# 
   685     0F27                     PSMC4TMR        equ	3879	;# 
   686     0F27                     PSMC4TMRL       equ	3879	;# 
   687     0F28                     PSMC4TMRH       equ	3880	;# 
   688     0F29                     PSMC4DBR        equ	3881	;# 
   689     0F2A                     PSMC4DBF        equ	3882	;# 
   690     0F2B                     PSMC4BLKR       equ	3883	;# 
   691     0F2C                     PSMC4BLKF       equ	3884	;# 
   692     0F2D                     PSMC4FFA        equ	3885	;# 
   693     0F2E                     PSMC4STR0       equ	3886	;# 
   694     0F2F                     PSMC4STR1       equ	3887	;# 
   695     0FE4                     STATUS_SHAD     equ	4068	;# 
   696     0FE5                     WREG_SHAD       equ	4069	;# 
   697     0FE6                     BSR_SHAD        equ	4070	;# 
   698     0FE7                     PCLATH_SHAD     equ	4071	;# 
   699     0FE8                     FSR0L_SHAD      equ	4072	;# 
   700     0FE9                     FSR0H_SHAD      equ	4073	;# 
   701     0FEA                     FSR1L_SHAD      equ	4074	;# 
   702     0FEB                     FSR1H_SHAD      equ	4075	;# 
   703     0FED                     STKPTR          equ	4077	;# 
   704     0FEE                     TOSL            equ	4078	;# 
   705     0FEF                     TOSH            equ	4079	;# 
   706                           
   707                           	psect	cinit
   708     07FD                     start_initialization:	
   709                           ; #config settings
   710                           
   711     07FD                     __initialization:
   712     07FD                     end_of_initialization:	
   713                           ;End of C runtime variable initialization code
   714                           
   715     07FD                     __end_of__initialization:
   716     07FD  0020               	movlb	0
   717     07FE  3187  2FFB         	ljmp	_main	;jump to C main() function
   718                           
   719                           	psect	cstackCOMMON
   720     0000                     __pcstackCOMMON:
   721     0000                     ?_main:
   722     0000                     ??_main:	
   723                           ; 2 bytes @ 0x0
   724                           
   725                           
   726                           	psect	maintext
   727     07FB                     __pmaintext:	
   728                           ; 1 bytes @ 0x0
   729 ;;
   730 ;;Main: autosize = 0, tempsize = 0, incstack = 0, save=0
   731 ;;
   732 ;; *************** function _main *****************
   733 ;; Defined at:
   734 ;;		line 43 in file "../../C/C_Template.c"
   735 ;; Parameters:    Size  Location     Type
   736 ;;		None
   737 ;; Auto vars:     Size  Location     Type
   738 ;;		None
   739 ;; Return value:  Size  Location     Type
   740 ;;                  2    4[None  ] int 
   741 ;; Registers used:
   742 ;;		None
   743 ;; Tracked objects:
   744 ;;		On entry : B1F/0
   745 ;;		On exit  : 0/0
   746 ;;		Unchanged: 0/0
   747 ;; Data sizes:     COMMON   BANK0   BANK1   BANK2   BANK3   BANK4   BANK5   BANK6   BANK7   BANK8   BANK9  BANK10  BANK1
      +1  BANK12  BANK13  BANK14  BANK15  BANK16  BANK17  BANK18  BANK19  BANK20  BANK21  BANK22  BANK23  BANK24  BANK25
   748 ;;      Params:         0       0       0       0       0       0       0       0       0       0       0       0       
      +0       0       0       0       0       0       0       0       0       0       0       0       0       0       0
   749 ;;      Locals:         0       0       0       0       0       0       0       0       0       0       0       0       
      +0       0       0       0       0       0       0       0       0       0       0       0       0       0       0
   750 ;;      Temps:          0       0       0       0       0       0       0       0       0       0       0       0       
      +0       0       0       0       0       0       0       0       0       0       0       0       0       0       0
   751 ;;      Totals:         0       0       0       0       0       0       0       0       0       0       0       0       
      +0       0       0       0       0       0       0       0       0       0       0       0       0       0       0
   752 ;;Total ram usage:        0 bytes
   753 ;; This function calls:
   754 ;;		Nothing
   755 ;; This function is called by:
   756 ;;		Startup code after reset
   757 ;; This function uses a non-reentrant model
   758 ;;
   759                           
   760     07FB                     _main:	
   761                           ;psect for function _main
   762                           
   763     07FB                     l5:	
   764                           ;incstack = 0
   765                           ; Regs used in _main: []
   766                           
   767     07FB  3180  2802         	ljmp	start
   768     07FD                     __end_of_main:
   769     0003                     ___latbits      equ	3
   770     007E                     btemp           set	126	;btemp
   771     007E                     wtemp0          set	126
   772                           
   773                           	psect	config
   774                           
   775                           ;Config register CONFIG1 @ 0x8007
   776                           ;	Oscillator Selection
   777                           ;	FOSC = INTOSC, INTOSC oscillator: I/O function on CLKIN pin
   778                           ;	Watchdog Timer Enable
   779                           ;	WDTE = OFF, WDT disabled
   780                           ;	Power-up Timer Enable
   781                           ;	PWRTE = OFF, PWRT disabled
   782                           ;	MCLR Pin Function Select
   783                           ;	MCLRE = OFF, MCLR/VPP pin function is digital input
   784                           ;	Flash Program Memory Code Protection
   785                           ;	CP = OFF, Program memory code protection is disabled
   786                           ;	Data Memory Code Protection
   787                           ;	CPD = OFF, Data memory code protection is disabled
   788                           ;	Brown-out Reset Enable
   789                           ;	BOREN = OFF, Brown-out Reset disabled
   790                           ;	Clock Out Enable
   791                           ;	CLKOUTEN = OFF, CLKOUT function is disabled. I/O or oscillator function on the CLKOUT 
      +                          pin
   792                           ;	Internal/External Switchover
   793                           ;	IESO = OFF, Internal/External Switchover mode is disabled
   794                           ;	Fail-Safe Clock Monitor Enable
   795                           ;	FCMEN = OFF, Fail-Safe Clock Monitor is disabled
   796     8007                     	org	32775
   797     8007  09A4               	dw	2468
   798                           
   799                           ;Config register CONFIG2 @ 0x8008
   800                           ;	Flash Memory Self-Write Protection
   801                           ;	WRT = OFF, Write protection off
   802                           ;	Voltage Regulator Capacitor Enable bit
   803                           ;	VCAPEN = OFF, Vcap functionality is disabled on RA6.
   804                           ;	PLL Enable
   805                           ;	PLLEN = OFF, 4x PLL disabled
   806                           ;	Stack Overflow/Underflow Reset Enable
   807                           ;	STVREN = OFF, Stack Overflow or Underflow will not cause a Reset
   808                           ;	Brown-out Reset Voltage Selection
   809                           ;	BORV = LO, Brown-out Reset Voltage (Vbor), low trip point selected.
   810                           ;	Low Power Brown-Out Reset Enable Bit
   811                           ;	LPBOR = OFF, Low power brown-out is disabled
   812                           ;	In-Circuit Debugger Mode
   813                           ;	DEBUG = 0x1, unprogrammed default
   814                           ;	Low-Voltage Programming Enable
   815                           ;	LVP = OFF, High-voltage on MCLR/VPP must be used for programming
   816     8008                     	org	32776
   817     8008  1CFF               	dw	7423

Data Sizes:
    Strings     0
    Constant    0
    Data        0
    BSS         0
    Persistent  32
    Stack       0

Auto Spaces:
    Space          Size  Autos    Used
    COMMON           14      0       0
    BANK0            80      0       0
    BANK1            80      0       0
    BANK2            80      0       0
    BANK3            80      0       0
    BANK4            80      0       0
    BANK5            80      0       0
    BANK6            80      0       0
    BANK7            80      0       0
    BANK8            80      0       0
    BANK9            80      0       0
    BANK10           80      0       0
    BANK11           80      0       0
    BANK12           80      0       0
    BANK13           80      0       0
    BANK14           80      0       0
    BANK15           80      0       0
    BANK16           80      0       0
    BANK17           80      0       0
    BANK18           80      0       0
    BANK19           80      0       0
    BANK20           80      0       0
    BANK21           80      0       0
    BANK22           80      0       0
    BANK23           80      0       0
    BANK24           80      0       0
    BANK25           32      0       0

Pointer List with Targets:

    None.

Critical Paths under _main in COMMON

    None.

Critical Paths under _main in BANK0

    None.

Critical Paths under _main in BANK1

    None.

Critical Paths under _main in BANK2

    None.

Critical Paths under _main in BANK3

    None.

Critical Paths under _main in BANK4

    None.

Critical Paths under _main in BANK5

    None.

Critical Paths under _main in BANK6

    None.

Critical Paths under _main in BANK7

    None.

Critical Paths under _main in BANK8

    None.

Critical Paths under _main in BANK9

    None.

Critical Paths under _main in BANK10

    None.

Critical Paths under _main in BANK11

    None.

Critical Paths under _main in BANK12

    None.

Critical Paths under _main in BANK13

    None.

Critical Paths under _main in BANK14

    None.

Critical Paths under _main in BANK15

    None.

Critical Paths under _main in BANK16

    None.

Critical Paths under _main in BANK17

    None.

Critical Paths under _main in BANK18

    None.

Critical Paths under _main in BANK19

    None.

Critical Paths under _main in BANK20

    None.

Critical Paths under _main in BANK21

    None.

Critical Paths under _main in BANK22

    None.

Critical Paths under _main in BANK23

    None.

Critical Paths under _main in BANK24

    None.

Critical Paths under _main in BANK25

    None.

Call Graph Tables:

 ---------------------------------------------------------------------------------
 (Depth) Function   	        Calls       Base Space   Used Autos Params    Refs
 ---------------------------------------------------------------------------------
 (0) _main                                                 0     0      0       0
 ---------------------------------------------------------------------------------
 Estimated maximum stack depth 0
 ---------------------------------------------------------------------------------

 Call Graph Graphs:

 _main (ROOT)

Address spaces:
Name               Size   Autos  Total    Usage
BITCOMMON           14      0       0      0.0%
BITBANK0            80      0       0      0.0%
BITBANK1            80      0       0      0.0%
BITBANK2            80      0       0      0.0%
BITBANK3            80      0       0      0.0%
BITBANK4            80      0       0      0.0%
BITBANK5            80      0       0      0.0%
BITBANK6            80      0       0      0.0%
BITBANK7            80      0       0      0.0%
BITBANK8            80      0       0      0.0%
BITBANK9            80      0       0      0.0%
BITBANK10           80      0       0      0.0%
BITBANK11           80      0       0      0.0%
BITBANK12           80      0       0      0.0%
BITBANK13           80      0       0      0.0%
BITBANK14           80      0       0      0.0%
BITBANK15           80      0       0      0.0%
BITBANK16           80      0       0      0.0%
BITBANK17           80      0       0      0.0%
BITBANK18           80      0       0      0.0%
BITBANK19           80      0       0      0.0%
BITBANK20           80      0       0      0.0%
BITBANK21           80      0       0      0.0%
BITBANK22           80      0       0      0.0%
BITBANK23           80      0       0      0.0%
BITBANK24           80      0       0      0.0%
BITBANK25           32      0       0      0.0%
BIGRAM            2032      0       0      0.0%
COMMON              14      0       0      0.0%
BANK0               80      0       0      0.0%
BANK1               80      0       0      0.0%
BANK2               80      0       0      0.0%
BANK3               80      0       0      0.0%
BANK4               80      0       0      0.0%
BANK5               80      0       0      0.0%
BANK6               80      0       0      0.0%
BANK7               80      0       0      0.0%
BANK8               80      0       0      0.0%
BANK9               80      0       0      0.0%
BANK10              80      0       0      0.0%
BANK11              80      0       0      0.0%
BANK12              80      0       0      0.0%
BANK13              80      0       0      0.0%
BANK14              80      0       0      0.0%
BANK15              80      0       0      0.0%
BANK16              80      0       0      0.0%
BANK17              80      0       0      0.0%
BANK18              80      0       0      0.0%
BANK19              80      0       0      0.0%
BANK20              80      0       0      0.0%
BANK21              80      0       0      0.0%
BANK22              80      0       0      0.0%
BANK23              80      0       0      0.0%
BANK24              80      0       0      0.0%
BANK25              32      0       0      0.0%
STACK                0      0       0      0.0%
DATA                 0      0       0      0.0%


Microchip Technology PIC Macro Assembler V2.50 build 20240725155939 
Symbol Table                                                                                   Fri Nov 08 09:42:56 2024

                      l5 07FB                     _main 07FB                     btemp 007E  
                   start 0002                    ?_main 0000                    wtemp0 007E  
        __initialization 07FD             __end_of_main 07FD                   ??_main 0000  
__end_of__initialization 07FD           __pcstackCOMMON 0000               __pmaintext 07FB  
   end_of_initialization 07FD      start_initialization 07FD                ___latbits 0003  
