Message[302] ..\16F1788_SETUP.INC 73 : Register in operand not in bank 0.  Ensure that bank bits are correct.
Message[302] ..\16F1788_SETUP.INC 75 : Register in operand not in bank 0.  Ensure that bank bits are correct.
Message[302] ..\16F1788_SETUP.INC 84 : Register in operand not in bank 0.  Ensure that bank bits are correct.
Message[302] ..\16F1788_SETUP.INC 85 : Register in operand not in bank 0.  Ensure that bank bits are correct.
Message[302] ..\16F1788_SETUP.INC 86 : Register in operand not in bank 0.  Ensure that bank bits are correct.
Message[302] ..\16F1788_SETUP.INC 87 : Register in operand not in bank 0.  Ensure that bank bits are correct.
Message[302] ..\16F1788_SETUP.INC 88 : Register in operand not in bank 0.  Ensure that bank bits are correct.
Message[302] ..\16F1788_SETUP.INC 89 : Register in operand not in bank 0.  Ensure that bank bits are correct.
Message[302] ..\16F1788_SETUP.INC 90 : Register in operand not in bank 0.  Ensure that bank bits are correct.
Message[302] ..\16F1788_SETUP.INC 91 : Register in operand not in bank 0.  Ensure that bank bits are correct.
Message[302] ..\16F1788_SETUP.INC 105 : Register in operand not in bank 0.  Ensure that bank bits are correct.
Message[302] ..\16F1788_SETUP.INC 107 : Register in operand not in bank 0.  Ensure that bank bits are correct.
Message[302] ..\16F1788_SETUP.INC 109 : Register in operand not in bank 0.  Ensure that bank bits are correct.
Message[302] ..\16F1788_SETUP.INC 111 : Register in operand not in bank 0.  Ensure that bank bits are correct.
Message[302] ..\16F1788_SETUP.INC 127 : Register in operand not in bank 0.  Ensure that bank bits are correct.
Message[302] ..\16F1788_SETUP.INC 130 : Register in operand not in bank 0.  Ensure that bank bits are correct.
Message[302] ..\16F1788_SETUP.INC 133 : Register in operand not in bank 0.  Ensure that bank bits are correct.
Message[302] ..\16F1788_SETUP.INC 138 : Register in operand not in bank 0.  Ensure that bank bits are correct.
Message[302] ..\16F1788_SETUP.INC 141 : Register in operand not in bank 0.  Ensure that bank bits are correct.
Message[302] ..\16F1788_SETUP.INC 144 : Register in operand not in bank 0.  Ensure that bank bits are correct.
Message[302] ..\16F1788_SETUP.INC 166 : Register in operand not in bank 0.  Ensure that bank bits are correct.
Message[302] ..\16F1788_SETUP.INC 167 : Register in operand not in bank 0.  Ensure that bank bits are correct.
Message[302] ..\16F1788_SETUP.INC 174 : Register in operand not in bank 0.  Ensure that bank bits are correct.
Message[302] ..\16F1788_SETUP.INC 178 : Register in operand not in bank 0.  Ensure that bank bits are correct.
Message[302] ..\16F1788_SETUP.INC 180 : Register in operand not in bank 0.  Ensure that bank bits are correct.
Message[302] ..\16F1788_SETUP.INC 182 : Register in operand not in bank 0.  Ensure that bank bits are correct.
Message[302] ..\16F1788_SETUP.INC 184 : Register in operand not in bank 0.  Ensure that bank bits are correct.
Message[302] ..\16F1788_SETUP.INC 191 : Register in operand not in bank 0.  Ensure that bank bits are correct.
Message[302] ..\16F1788_SETUP.INC 194 : Register in operand not in bank 0.  Ensure that bank bits are correct.
Message[302] ..\16F1788_SETUP.INC 196 : Register in operand not in bank 0.  Ensure that bank bits are correct.
Message[302] ..\16F1788_SETUP.INC 198 : Register in operand not in bank 0.  Ensure that bank bits are correct.
Message[302] ..\16F1788_SETUP.INC 200 : Register in operand not in bank 0.  Ensure that bank bits are correct.
Message[302] ..\16F1788_SETUP.INC 202 : Register in operand not in bank 0.  Ensure that bank bits are correct.
Message[302] ..\16F1788_SETUP.INC 204 : Register in operand not in bank 0.  Ensure that bank bits are correct.
Message[302] ..\16F1788_SETUP.INC 206 : Register in operand not in bank 0.  Ensure that bank bits are correct.
Message[302] ..\16F1788_SETUP.INC 213 : Register in operand not in bank 0.  Ensure that bank bits are correct.
Message[302] ..\16F1788_SETUP.INC 216 : Register in operand not in bank 0.  Ensure that bank bits are correct.
Message[302] ..\16F1788_SETUP.INC 218 : Register in operand not in bank 0.  Ensure that bank bits are correct.
Message[302] ..\16F1788_SETUP.INC 220 : Register in operand not in bank 0.  Ensure that bank bits are correct.
Message[302] ..\16F1788_SETUP.INC 222 : Register in operand not in bank 0.  Ensure that bank bits are correct.
Message[302] ..\16F1788_SETUP.INC 228 : Register in operand not in bank 0.  Ensure that bank bits are correct.
Message[302] ..\16F1788_SETUP.INC 231 : Register in operand not in bank 0.  Ensure that bank bits are correct.
Message[302] ..\16F1788_SETUP.INC 233 : Register in operand not in bank 0.  Ensure that bank bits are correct.
Message[302] ..\16F1788_SETUP.INC 236 : Register in operand not in bank 0.  Ensure that bank bits are correct.
Message[302] ..\16F1788_SETUP.INC 239 : Register in operand not in bank 0.  Ensure that bank bits are correct.
Message[302] ..\16F1788_SETUP.INC 240 : Register in operand not in bank 0.  Ensure that bank bits are correct.
Message[302] ..\16F1788_SETUP.INC 247 : Register in operand not in bank 0.  Ensure that bank bits are correct.
Message[302] ..\SUBROUTINES.INC 30 : Register in operand not in bank 0.  Ensure that bank bits are correct.
Message[302] ..\SUBROUTINES.INC 36 : Register in operand not in bank 0.  Ensure that bank bits are correct.
Message[302] ..\SUBROUTINES.INC 37 : Register in operand not in bank 0.  Ensure that bank bits are correct.
Warning[207] ..\SUBROUTINES.INC 44 : Found label after column 1. (SET_RA7)
Warning[207] ..\SUBROUTINES.INC 46 : Found label after column 1. (TEST_NEW_BYTE)
Message[302] ..\SUBROUTINES.INC 60 : Register in operand not in bank 0.  Ensure that bank bits are correct.
Message[302] ..\SUBROUTINES.INC 63 : Register in operand not in bank 0.  Ensure that bank bits are correct.
Message[302] ..\SUBROUTINES.INC 75 : Register in operand not in bank 0.  Ensure that bank bits are correct.
Message[302] ..\SUBROUTINES.INC 78 : Register in operand not in bank 0.  Ensure that bank bits are correct.
Message[302] ..\SUBROUTINES.INC 90 : Register in operand not in bank 0.  Ensure that bank bits are correct.
Message[302] ..\SUBROUTINES.INC 93 : Register in operand not in bank 0.  Ensure that bank bits are correct.
Message[302] ..\SUBROUTINES.INC 105 : Register in operand not in bank 0.  Ensure that bank bits are correct.
Message[302] ..\SUBROUTINES.INC 108 : Register in operand not in bank 0.  Ensure that bank bits are correct.
Message[302] ..\SUBROUTINES.INC 120 : Register in operand not in bank 0.  Ensure that bank bits are correct.
Message[302] ..\SUBROUTINES.INC 123 : Register in operand not in bank 0.  Ensure that bank bits are correct.
Warning[207] ..\SUBROUTINES.INC 136 : Found label after column 1. (SET_ARMS)
Warning[205] ..\CRAP.ASM 85 : Found directive in column 1. (END)
